[debug] [2025-04-28T13:11:22.169Z] ----------------------------------------------------------------------
[debug] [2025-04-28T13:11:22.173Z] Command:       C:\Program Files\nodejs\node.exe C:\Users\Lawrence\AppData\Roaming\npm\node_modules\firebase-tools\lib\bin\firebase.js init hosting
[debug] [2025-04-28T13:11:22.174Z] CLI Version:   14.2.1
[debug] [2025-04-28T13:11:22.174Z] Platform:      win32
[debug] [2025-04-28T13:11:22.174Z] Node Version:  v23.10.0
[debug] [2025-04-28T13:11:22.174Z] Time:          Mon Apr 28 2025 09:11:22 GMT-0400 (Eastern Daylight Time)
[debug] [2025-04-28T13:11:22.175Z] ----------------------------------------------------------------------
[debug] 
[debug] [2025-04-28T13:11:22.188Z] > command requires scopes: ["email","openid","https://www.googleapis.com/auth/cloudplatformprojects.readonly","https://www.googleapis.com/auth/firebase","https://www.googleapis.com/auth/cloud-platform"]
[debug] [2025-04-28T13:11:22.189Z] > authorizing via signed-in user (lawrence.armand@gmail.com)
[info] 
     ######## #### ########  ######## ########     ###     ######  ########
     ##        ##  ##     ## ##       ##     ##  ##   ##  ##       ##
     ######    ##  ########  ######   ########  #########  ######  ######
     ##        ##  ##    ##  ##       ##     ## ##     ##       ## ##
     ##       #### ##     ## ######## ########  ##     ##  ######  ########

You're about to initialize a Firebase project in this directory:

  C:\Users\Lawrence\Documents\GitHub\vite-rrouter-lightsoutTwo\client

[info] 
=== Project Setup
[info] 
[info] First, let's associate this project directory with a Firebase project.
[info] You can create multiple project aliases by running firebase use --add, 
[info] but for now we'll just set up a default project.
[info] 
[debug] [2025-04-28T13:11:28.121Z] Checked if tokens are valid: true, expires at: 1745849457929
[debug] [2025-04-28T13:11:28.121Z] Checked if tokens are valid: true, expires at: 1745849457929
[debug] [2025-04-28T13:11:28.123Z] >>> [apiv2][query] GET https://firebase.googleapis.com/v1beta1/projects pageSize=100
[debug] [2025-04-28T13:11:28.552Z] <<< [apiv2][status] GET https://firebase.googleapis.com/v1beta1/projects 200
[debug] [2025-04-28T13:11:28.552Z] <<< [apiv2][body] GET https://firebase.googleapis.com/v1beta1/projects [omitted]
[info] i  Using project ttlo-two (TTLO Two) 
[info] 
=== Hosting Setup
[debug] [2025-04-28T13:11:32.194Z] Checked if tokens are valid: true, expires at: 1745849457929
[debug] [2025-04-28T13:11:32.194Z] Checked if tokens are valid: true, expires at: 1745849457929
[debug] [2025-04-28T13:11:32.194Z] >>> [apiv2][query] GET https://firebase.googleapis.com/v1beta1/projects/ttlo-two [none]
[debug] [2025-04-28T13:11:32.449Z] <<< [apiv2][status] GET https://firebase.googleapis.com/v1beta1/projects/ttlo-two 200
[debug] [2025-04-28T13:11:32.450Z] <<< [apiv2][body] GET https://firebase.googleapis.com/v1beta1/projects/ttlo-two {"projectId":"ttlo-two","projectNumber":"31909128751","displayName":"TTLO Two","name":"projects/ttlo-two","resources":{"hostingSite":"ttlo-two"},"state":"ACTIVE","etag":"1_f4cd94cc-5938-42e2-8594-f1a482cefee9"}
[info] 
[info] Your public directory is the folder (relative to your project directory) that
[info] will contain Hosting assets to be uploaded with firebase deploy. If you
[info] have a build process for your assets, use your build's output directory.
[info] 
